Watching for file changes with StatReloader
[21/Dec/2020 22:54:24] "GET /login HTTP/1.1" 200 8270
[21/Dec/2020 22:54:24] "GET /static/app-assets/fonts/feather/style.min.css HTTP/1.1" 200 9225
[21/Dec/2020 22:54:24] "GET /static/app-assets/vendors/css/perfect-scrollbar.min.css HTTP/1.1" 200 3280
[21/Dec/2020 22:54:24] "GET /static/app-assets/vendors/css/prism.min.css HTTP/1.1" 200 2348
[21/Dec/2020 22:54:24] "GET /static/app-assets/fonts/simple-line-icons/style.css HTTP/1.1" 200 90167
[21/Dec/2020 22:54:24] "GET /static/app-assets/vendors/js/core/popper.min.js HTTP/1.1" 200 19197
[21/Dec/2020 22:54:24] "GET /static/app-assets/vendors/js/core/bootstrap.min.js HTTP/1.1" 200 70917
[21/Dec/2020 22:54:24] "GET /static/app-assets/fonts/font-awesome/css/font-awesome.min.css HTTP/1.1" 200 161541
[21/Dec/2020 22:54:24] "GET /static/app-assets/vendors/js/core/jquery-3.3.1.min.js HTTP/1.1" 200 86927
[21/Dec/2020 22:54:24] "GET /static/app-assets/vendors/js/perfect-scrollbar.jquery.min.js HTTP/1.1" 200 25808
[21/Dec/2020 22:54:24] "GET /static/app-assets/vendors/js/prism.min.js HTTP/1.1" 200 16318
[21/Dec/2020 22:54:24] "GET /static/app-assets/vendors/js/jquery.matchHeight-min.js HTTP/1.1" 200 3358
[21/Dec/2020 22:54:24] "GET /static/app-assets/vendors/js/screenfull.min.js HTTP/1.1" 200 1722
[21/Dec/2020 22:54:24] "GET /static/app-assets/js/app-sidebar.js HTTP/1.1" 200 8851
[21/Dec/2020 22:54:24] "GET /static/app-assets/js/notification-sidebar.js HTTP/1.1" 200 942
[21/Dec/2020 22:54:24] "GET /static/app-assets/vendors/js/pace/pace.min.js HTTP/1.1" 200 12507
[21/Dec/2020 22:54:24] "GET /static/app-assets/css/app.css HTTP/1.1" 200 1354715
[21/Dec/2020 22:54:24] "GET /captchaimage/51e16e061d3e032a5abf97ff0073537d4b54f543/ HTTP/1.1" 200 5125
[21/Dec/2020 22:54:24] "GET /static/app-assets/img/ico/favicon-32.png HTTP/1.1" 200 1795
[21/Dec/2020 22:54:24] "GET /static/app-assets/img/ico/favicon.ico HTTP/1.1" 200 1150
[21/Dec/2020 22:54:31] "POST /login HTTP/1.1" 302 0
[21/Dec/2020 22:54:31] "GET /user HTTP/1.1" 200 30445
[21/Dec/2020 22:54:31] "GET /static/app-assets/css/questionaire_result.css HTTP/1.1" 200 184
[21/Dec/2020 22:54:31] "GET /static/layui/css/layui.css HTTP/1.1" 200 74303
[21/Dec/2020 22:54:31] "GET /static/app-assets/vendors/css/tables/datatable/datatables.min.css HTTP/1.1" 200 22840
[21/Dec/2020 22:54:31] "GET /static/layui/layui.js HTTP/1.1" 200 7395
[21/Dec/2020 22:54:32] "GET /static/src/js/jquery.cookie.js HTTP/1.1" 200 3697
[21/Dec/2020 22:54:32] "GET /static/app-assets/js/data-tables/datatable-styling.js HTTP/1.1" 200 1212
[21/Dec/2020 22:54:32] "GET /static/src/js/questionaire_result.js HTTP/1.1" 200 1349
[21/Dec/2020 22:54:32] "GET /static/src/js/questionaire.js HTTP/1.1" 200 97438
[21/Dec/2020 22:54:32] "GET /static/app-assets/img/portrait/small/avatar-s-3.jpg HTTP/1.1" 200 51193
[21/Dec/2020 22:54:32] "GET /static/app-assets/vendors/js/datatable/datatables.min.js HTTP/1.1" 200 2333192
[21/Dec/2020 22:54:32] "GET /static/layui/lay/modules/element.js HTTP/1.1" 200 7264
[21/Dec/2020 22:54:33] "GET /user?page=1 HTTP/1.1" 200 30351
[21/Dec/2020 22:54:33] "GET /user?page=2 HTTP/1.1" 200 30052
[21/Dec/2020 22:54:42] "GET /user?page=5 HTTP/1.1" 200 30121
[21/Dec/2020 22:54:43] "GET /user?page=7 HTTP/1.1" 200 31119
